Using pre-set license
Built from '2020.3/staging' branch; Version is '2020.3.18f1 (a7d1c678663c) revision 10998214'; Using compiler version '192528614'; Build Type 'Release'
OS: 'Windows 10 Home; OS build 19042.1348; Version 2009; 64bit' Language: 'ru' Physical Memory: 8033 MB
BatchMode: 1, IsHumanControllingUs: 0, StartBugReporterOnCrash: 0, Is64bit: 1, IsPro: 0

COMMAND LINE ARGUMENTS:
C:\Program Files\Unity\Hub\Editor\2020.3.18f1\Editor\Unity.exe
-adb2
-batchMode
-noUpm
-name
AssetImportWorker0
-projectPath
C:/Users/user/Desktop/kek/vvs2
-logFile
Logs/AssetImportWorker0.log
-srvPort
65225
Successfully changed project path to: C:/Users/user/Desktop/kek/vvs2
C:/Users/user/Desktop/kek/vvs2
Using Asset Import Pipeline V2.
Refreshing native plugins compatible for Editor in 55.93 ms, found 2 plugins.
Preloading 0 native plugins for Editor in 0.00 ms.
Initialize engine version: 2020.3.18f1 (a7d1c678663c)
[Subsystems] Discovering subsystems at path C:/Program Files/Unity/Hub/Editor/2020.3.18f1/Editor/Data/Resources/UnitySubsystems
[Subsystems] Discovering subsystems at path C:/Users/user/Desktop/kek/vvs2/Assets
GfxDevice: creating device client; threaded=0
Direct3D:
    Version:  Direct3D 11.0 [level 11.1]
    Renderer: NVIDIA GeForce GTX 1650 (ID=0x1f91)
    Vendor:   
    VRAM:     3962 MB
    Driver:   30.0.14.7212
Initialize mono
Mono path[0] = 'C:/Program Files/Unity/Hub/Editor/2020.3.18f1/Editor/Data/Managed'
Mono path[1] = 'C:/Program Files/Unity/Hub/Editor/2020.3.18f1/Editor/Data/MonoBleedingEdge/lib/mono/unityjit'
Mono config path = 'C:/Program Files/Unity/Hub/Editor/2020.3.18f1/Editor/Data/MonoBleedingEdge/etc'
Using monoOptions --debugger-agent=transport=dt_socket,embedding=1,server=y,suspend=n,address=127.0.0.1:56440
Begin MonoManager ReloadAssembly
Registering precompiled unity dll's ...
Register platform support module: C:/Program Files/Unity/Hub/Editor/2020.3.18f1/Editor/Data/PlaybackEngines/WindowsStandaloneSupport/UnityEditor.WindowsStandalone.Extensions.dll
Registered in 0.009022 seconds.
Native extension for WindowsStandalone target not found
Refreshing native plugins compatible for Editor in 48.92 ms, found 2 plugins.
Preloading 0 native plugins for Editor in 0.00 ms.
Mono: successfully reloaded assembly
- Completed reload, in  5.141 seconds
Domain Reload Profiling:
	ReloadAssembly (5141ms)
		BeginReloadAssembly (66ms)
			ExecutionOrderSort (0ms)
			DisableScriptedObjects (0ms)
			BackupInstance (0ms)
			ReleaseScriptingObjects (0ms)
			CreateAndSetChildDomain (5ms)
		EndReloadAssembly (505ms)
			LoadAssemblies (56ms)
			RebuildTransferFunctionScriptingTraits (9ms)
			SetupTypeCache (189ms)
			ReleaseScriptCaches (0ms)
			RebuildScriptCaches (30ms)
			SetupLoadedEditorAssemblies (190ms)
				LogAssemblyErrors (0ms)
				InitializePlatformSupportModulesInManaged (6ms)
				SetLoadedEditorAssemblies (0ms)
				RefreshPlugins (49ms)
				BeforeProcessingInitializeOnLoad (20ms)
				ProcessInitializeOnLoadAttributes (85ms)
				ProcessInitializeOnLoadMethodAttributes (30ms)
				AfterProcessingInitializeOnLoad (0ms)
				EditorAssembliesLoaded (0ms)
			ExecutionOrderSort2 (0ms)
			AwakeInstancesAfterBackupRestoration (0ms)
Platform modules already initialized, skipping
Registering precompiled user dll's ...
Registered in 0.008429 seconds.
Begin MonoManager ReloadAssembly
Native extension for WindowsStandalone target not found
Refreshing native plugins compatible for Editor in 0.51 ms, found 2 plugins.
Preloading 0 native plugins for Editor in 0.00 ms.
Mono: successfully reloaded assembly
- Completed reload, in  1.116 seconds
Domain Reload Profiling:
	ReloadAssembly (1119ms)
		BeginReloadAssembly (153ms)
			ExecutionOrderSort (1ms)
			DisableScriptedObjects (5ms)
			BackupInstance (0ms)
			ReleaseScriptingObjects (0ms)
			CreateAndSetChildDomain (22ms)
		EndReloadAssembly (887ms)
			LoadAssemblies (120ms)
			RebuildTransferFunctionScriptingTraits (0ms)
			SetupTypeCache (291ms)
			ReleaseScriptCaches (0ms)
			RebuildScriptCaches (48ms)
			SetupLoadedEditorAssemblies (320ms)
				LogAssemblyErrors (0ms)
				InitializePlatformSupportModulesInManaged (5ms)
				SetLoadedEditorAssemblies (0ms)
				RefreshPlugins (1ms)
				BeforeProcessingInitializeOnLoad (84ms)
				ProcessInitializeOnLoadAttributes (218ms)
				ProcessInitializeOnLoadMethodAttributes (4ms)
				AfterProcessingInitializeOnLoad (6ms)
				EditorAssembliesLoaded (0ms)
			ExecutionOrderSort2 (0ms)
			AwakeInstancesAfterBackupRestoration (7ms)
Platform modules already initialized, skipping
========================================================================
Worker process is ready to serve import requests
Launched and connected shader compiler UnityShaderCompiler.exe after 0.09 seconds
Refreshing native plugins compatible for Editor in 0.62 ms, found 2 plugins.
Preloading 0 native plugins for Editor in 0.00 ms.
Unloading 1635 Unused Serialized files (Serialized files now loaded: 0)
System memory in use before: 81.3 MB.
System memory in use after: 81.3 MB.

Unloading 16 unused Assets to reduce memory usage. Loaded Objects now: 2081.
Total: 8.591100 ms (FindLiveObjects: 0.189400 ms CreateObjectMapping: 0.058500 ms MarkObjects: 7.504400 ms  DeleteObjects: 0.837300 ms)

AssetImportParameters requested are different than current active one (requested -> active):
  custom:framework-win-MediaFoundation: 216162199b28c13a410421893ffa2e32 -> 
  custom:video-decoder-ogg-theora: a1e56fd34408186e4bbccfd4996cb3dc -> 
  custom:container-muxer-webm: aa71ff27fc2769a1b78a27578f13a17b -> 
  custom:container-demuxer-webm: 4f35f7cbe854078d1ac9338744f61a02 -> 
  custom:container-demuxer-ogg: 62fdf1f143b41e24485cea50d1cbac27 -> 
  custom:video-encoder-webm-vp8: eb34c28f22e8b96e1ab97ce403110664 -> 
  custom:video-decoder-webm-vp8: 9c59270c3fd7afecdb556c50c9e8de78 -> 
  custom:audio-decoder-ogg-vorbis: bf7c407c2cedff20999df2af8eb42d56 -> 
  custom:audio-encoder-webm-vorbis: bf7c407c2cedff20999df2af8eb42d56 -> 
========================================================================
Received Import Request.
  path: Assets/Prefabs/Tower 1.prefab
  artifactKey: Guid(36c6d4e06662393449e832bcd902b6c5) Importer(815301076,1909f56bfc062723c751e8b465ee728b)
Start importing Assets/Prefabs/Tower 1.prefab using Guid(36c6d4e06662393449e832bcd902b6c5) Importer(815301076,1909f56bfc062723c751e8b465ee728b)  -> (artifact id: 'd52e6142f6b80b94b1380daf23e4ae83') in 0.283348 seconds 
  Import took 0.290988 seconds .

========================================================================
Received Import Request.
  Time since last request: 0.000502 seconds.
  path: Assets/Prefabs/DesertWindow.prefab
  artifactKey: Guid(94c505a61434e6f4c83b7c8050571336) Importer(815301076,1909f56bfc062723c751e8b465ee728b)
Start importing Assets/Prefabs/DesertWindow.prefab using Guid(94c505a61434e6f4c83b7c8050571336) Importer(815301076,1909f56bfc062723c751e8b465ee728b)  -> (artifact id: '0d923f731213817eca23caeeddef02c7') in 0.070844 seconds 
  Import took 0.075993 seconds .

========================================================================
Received Import Request.
  Time since last request: 0.000285 seconds.
  path: Assets/Prefabs/Enemy 1.prefab
  artifactKey: Guid(5c32f6fe5ee677e48b40d04dc471db9a) Importer(815301076,1909f56bfc062723c751e8b465ee728b)
Start importing Assets/Prefabs/Enemy 1.prefab using Guid(5c32f6fe5ee677e48b40d04dc471db9a) Importer(815301076,1909f56bfc062723c751e8b465ee728b)  -> (artifact id: '7361df7ee752018f6a15568f3e813fdd') in 0.102771 seconds 
  Import took 0.109613 seconds .

========================================================================
Received Import Request.
  Time since last request: 0.000286 seconds.
  path: Assets/Prefabs/Canvas.prefab
  artifactKey: Guid(3ee463ba40787314cbd9a512a45c9bff) Importer(815301076,1909f56bfc062723c751e8b465ee728b)
Start importing Assets/Prefabs/Canvas.prefab using Guid(3ee463ba40787314cbd9a512a45c9bff) Importer(815301076,1909f56bfc062723c751e8b465ee728b)  -> (artifact id: 'ed4b0039786a4a61727e6c854827e6fa') in 0.123358 seconds 
  Import took 0.131089 seconds .

========================================================================
Received Import Request.
  Time since last request: 11.864846 seconds.
  path: Assets/AurynSky/Dungeon Pack/Scenes
  artifactKey: Guid(68a21c45c4bfee348bbd4a248eec55fe) Importer(815301076,1909f56bfc062723c751e8b465ee728b)
Start importing Assets/AurynSky/Dungeon Pack/Scenes using Guid(68a21c45c4bfee348bbd4a248eec55fe) Importer(815301076,1909f56bfc062723c751e8b465ee728b)  -> (artifact id: '0cc360704381bdf73c145d103cbbddf6') in 0.015414 seconds 
  Import took 0.025529 seconds .

========================================================================
Received Import Request.
  Time since last request: 0.004847 seconds.
  path: Assets/AurynSky/Dungeon Pack/Scenes
  artifactKey: Guid(68a21c45c4bfee348bbd4a248eec55fe) Importer(815301076,1909f56bfc062723c751e8b465ee728b)
Start importing Assets/AurynSky/Dungeon Pack/Scenes using Guid(68a21c45c4bfee348bbd4a248eec55fe) Importer(815301076,1909f56bfc062723c751e8b465ee728b)  -> (artifact id: '0cc360704381bdf73c145d103cbbddf6') in 0.003689 seconds 
  Import took 0.011172 seconds .

========================================================================
Received Import Request.
  Time since last request: 4.267889 seconds.
  path: Assets/AurynSky/Dungeon Pack/Scenes/DemoScene_Dungeon.unity
  artifactKey: Guid(0c700d79202a83b47babcb3961617407) Importer(815301076,1909f56bfc062723c751e8b465ee728b)
Start importing Assets/AurynSky/Dungeon Pack/Scenes/DemoScene_Dungeon.unity using Guid(0c700d79202a83b47babcb3961617407) Importer(815301076,1909f56bfc062723c751e8b465ee728b)  -> (artifact id: 'f004ae5d611fb597c1e92b30611cc1ab') in 0.010571 seconds 
  Import took 0.016626 seconds .

========================================================================
Received Import Request.
  Time since last request: 0.000983 seconds.
  path: Assets/AurynSky/Dungeon Pack/Scenes/DemoScene_Dungeon.unity
  artifactKey: Guid(0c700d79202a83b47babcb3961617407) Importer(815301076,1909f56bfc062723c751e8b465ee728b)
Start importing Assets/AurynSky/Dungeon Pack/Scenes/DemoScene_Dungeon.unity using Guid(0c700d79202a83b47babcb3961617407) Importer(815301076,1909f56bfc062723c751e8b465ee728b)  -> (artifact id: 'f004ae5d611fb597c1e92b30611cc1ab') in 0.002515 seconds 
  Import took 0.006181 seconds .

========================================================================
Received Import Request.
  Time since last request: 70.092924 seconds.
  path: Assets/Scenes/MainMenu.unity
  artifactKey: Guid(d2b57e92367f6d047b4efc6e157de198) Importer(815301076,1909f56bfc062723c751e8b465ee728b)
Start importing Assets/Scenes/MainMenu.unity using Guid(d2b57e92367f6d047b4efc6e157de198) Importer(815301076,1909f56bfc062723c751e8b465ee728b)  -> (artifact id: '4137231b3fcef5862ecaf6322c123051') in 0.008025 seconds 
  Import took 0.014335 seconds .

========================================================================
Received Import Request.
  Time since last request: 39.732297 seconds.
  path: Assets/AurynSky/Desert Pack/Scripts
  artifactKey: Guid(cf21c3bb637904544a0d243ed57c44b8) Importer(815301076,1909f56bfc062723c751e8b465ee728b)
Start importing Assets/AurynSky/Desert Pack/Scripts using Guid(cf21c3bb637904544a0d243ed57c44b8) Importer(815301076,1909f56bfc062723c751e8b465ee728b)  -> (artifact id: 'dd29bbb8d64c1b9d2b766854113c18d8') in 0.010554 seconds 
  Import took 0.016480 seconds .

========================================================================
Received Prepare
Registering precompiled user dll's ...
Registered in 0.004114 seconds.
Begin MonoManager ReloadAssembly
Native extension for WindowsStandalone target not found
Refreshing native plugins compatible for Editor in 0.49 ms, found 2 plugins.
Preloading 0 native plugins for Editor in 0.00 ms.
Mono: successfully reloaded assembly
- Completed reload, in  0.986 seconds
Domain Reload Profiling:
	ReloadAssembly (986ms)
		BeginReloadAssembly (118ms)
			ExecutionOrderSort (0ms)
			DisableScriptedObjects (4ms)
			BackupInstance (0ms)
			ReleaseScriptingObjects (0ms)
			CreateAndSetChildDomain (32ms)
		EndReloadAssembly (806ms)
			LoadAssemblies (83ms)
			RebuildTransferFunctionScriptingTraits (0ms)
			SetupTypeCache (286ms)
			ReleaseScriptCaches (1ms)
			RebuildScriptCaches (46ms)
			SetupLoadedEditorAssemblies (291ms)
				LogAssemblyErrors (0ms)
				InitializePlatformSupportModulesInManaged (5ms)
				SetLoadedEditorAssemblies (0ms)
				RefreshPlugins (1ms)
				BeforeProcessingInitializeOnLoad (79ms)
				ProcessInitializeOnLoadAttributes (195ms)
				ProcessInitializeOnLoadMethodAttributes (4ms)
				AfterProcessingInitializeOnLoad (7ms)
				EditorAssembliesLoaded (0ms)
			ExecutionOrderSort2 (0ms)
			AwakeInstancesAfterBackupRestoration (6ms)
Platform modules already initialized, skipping
Refreshing native plugins compatible for Editor in 0.76 ms, found 2 plugins.
Preloading 0 native plugins for Editor in 0.00 ms.
Unloading 1600 Unused Serialized files (Serialized files now loaded: 0)
System memory in use before: 81.4 MB.
System memory in use after: 81.5 MB.

Unloading 13 unused Assets to reduce memory usage. Loaded Objects now: 2093.
Total: 3.600800 ms (FindLiveObjects: 0.490600 ms CreateObjectMapping: 0.176400 ms MarkObjects: 2.836500 ms  DeleteObjects: 0.095300 ms)

AssetImportParameters requested are different than current active one (requested -> active):
  custom:framework-win-MediaFoundation: 216162199b28c13a410421893ffa2e32 -> 
  custom:video-decoder-ogg-theora: a1e56fd34408186e4bbccfd4996cb3dc -> 
  custom:container-muxer-webm: aa71ff27fc2769a1b78a27578f13a17b -> 
  custom:container-demuxer-webm: 4f35f7cbe854078d1ac9338744f61a02 -> 
  custom:container-demuxer-ogg: 62fdf1f143b41e24485cea50d1cbac27 -> 
  custom:video-encoder-webm-vp8: eb34c28f22e8b96e1ab97ce403110664 -> 
  custom:video-decoder-webm-vp8: 9c59270c3fd7afecdb556c50c9e8de78 -> 
  custom:audio-decoder-ogg-vorbis: bf7c407c2cedff20999df2af8eb42d56 -> 
  custom:audio-encoder-webm-vorbis: bf7c407c2cedff20999df2af8eb42d56 -> 
========================================================================
Received Import Request.
  Time since last request: 7.128629 seconds.
  path: Assets/AurynSky/WinterArena/Scenes
  artifactKey: Guid(dd7e7047d55028d4797388d2a61731b7) Importer(815301076,1909f56bfc062723c751e8b465ee728b)
Start importing Assets/AurynSky/WinterArena/Scenes using Guid(dd7e7047d55028d4797388d2a61731b7) Importer(815301076,1909f56bfc062723c751e8b465ee728b)  -> (artifact id: 'cb6197f62196728ca917d23674287c71') in 0.007201 seconds 
  Import took 0.013313 seconds .

========================================================================
Received Import Request.
  Time since last request: 153.000134 seconds.
  path: Assets/Customizable Skybox/Materials/Clouds.mat
  artifactKey: Guid(b2fcea6c7d9dbab4ca781825705d50be) Importer(815301076,1909f56bfc062723c751e8b465ee728b)
Start importing Assets/Customizable Skybox/Materials/Clouds.mat using Guid(b2fcea6c7d9dbab4ca781825705d50be) Importer(815301076,1909f56bfc062723c751e8b465ee728b)  -> (artifact id: 'd3c2c2f807bbec2cbd5f9241f5a95044') in 0.117043 seconds 
  Import took 0.123568 seconds .

========================================================================
Received Import Request.
  Time since last request: 0.003640 seconds.
  path: Assets/Customizable Skybox/Materials/Clouds.mat
  artifactKey: Guid(b2fcea6c7d9dbab4ca781825705d50be) Importer(815301076,1909f56bfc062723c751e8b465ee728b)
Start importing Assets/Customizable Skybox/Materials/Clouds.mat using Guid(b2fcea6c7d9dbab4ca781825705d50be) Importer(815301076,1909f56bfc062723c751e8b465ee728b)  -> (artifact id: 'd3c2c2f807bbec2cbd5f9241f5a95044') in 0.011934 seconds 
  Import took 0.017404 seconds .

========================================================================
Received Import Request.
  Time since last request: 5.517568 seconds.
  path: Assets/EasyMainMenu/Animations/Loading Screen
  artifactKey: Guid(e98ef01de2abc7849b8abebd668809db) Importer(815301076,1909f56bfc062723c751e8b465ee728b)
Start importing Assets/EasyMainMenu/Animations/Loading Screen using Guid(e98ef01de2abc7849b8abebd668809db) Importer(815301076,1909f56bfc062723c751e8b465ee728b)  -> (artifact id: 'c7506f3a702568b931e01c33c1e7a3e9') in 0.009505 seconds 
  Import took 0.014689 seconds .

========================================================================
Received Import Request.
  Time since last request: 0.004149 seconds.
  path: Assets/EasyMainMenu/Animations/Loading Screen
  artifactKey: Guid(e98ef01de2abc7849b8abebd668809db) Importer(815301076,1909f56bfc062723c751e8b465ee728b)
Start importing Assets/EasyMainMenu/Animations/Loading Screen using Guid(e98ef01de2abc7849b8abebd668809db) Importer(815301076,1909f56bfc062723c751e8b465ee728b)  -> (artifact id: 'c7506f3a702568b931e01c33c1e7a3e9') in 0.002273 seconds 
  Import took 0.005411 seconds .

========================================================================
Received Import Request.
  Time since last request: 13.883155 seconds.
  path: Assets/EasyMainMenu/Scenes/Main Menu Old/LoadingScreen.unity
  artifactKey: Guid(6540e3b3fcf225c4a89bee2bcc8d1682) Importer(815301076,1909f56bfc062723c751e8b465ee728b)
Start importing Assets/EasyMainMenu/Scenes/Main Menu Old/LoadingScreen.unity using Guid(6540e3b3fcf225c4a89bee2bcc8d1682) Importer(815301076,1909f56bfc062723c751e8b465ee728b)  -> (artifact id: 'd9c2855c67810526035be9c07a0bc661') in 0.019639 seconds 
  Import took 0.025489 seconds .

========================================================================
Received Import Request.
  Time since last request: 24.503276 seconds.
  path: Assets/Sprites/preview-133214-E4lLFpItNm-high_0014.jpg
  artifactKey: Guid(20c396bc7754f8f42aec2a9ac76276de) Importer(815301076,1909f56bfc062723c751e8b465ee728b)
Start importing Assets/Sprites/preview-133214-E4lLFpItNm-high_0014.jpg using Guid(20c396bc7754f8f42aec2a9ac76276de) Importer(815301076,1909f56bfc062723c751e8b465ee728b)  -> (artifact id: '42cc458f76da2e27cc487bb61aa3993f') in 0.118396 seconds 
  Import took 0.124122 seconds .

========================================================================
Received Import Request.
  Time since last request: 0.000324 seconds.
  path: Assets/Sprites/Sprite/Rectangle 1.png
  artifactKey: Guid(c7c59517c7ca8624dbcbf57a10cb3ee5) Importer(815301076,1909f56bfc062723c751e8b465ee728b)
Start importing Assets/Sprites/Sprite/Rectangle 1.png using Guid(c7c59517c7ca8624dbcbf57a10cb3ee5) Importer(815301076,1909f56bfc062723c751e8b465ee728b)  -> (artifact id: '8cd157a05eff759e7dd90eb04c03c4c2') in 0.031199 seconds 
  Import took 0.039440 seconds .

========================================================================
Received Import Request.
  Time since last request: 0.000310 seconds.
  path: Assets/Sprites/Sprite/Rectangle 4.png
  artifactKey: Guid(284aa3e58beb9d04bb9c92c9453c97a6) Importer(815301076,1909f56bfc062723c751e8b465ee728b)
Start importing Assets/Sprites/Sprite/Rectangle 4.png using Guid(284aa3e58beb9d04bb9c92c9453c97a6) Importer(815301076,1909f56bfc062723c751e8b465ee728b)  -> (artifact id: '07fd3acc529f4bbac60ebb98d1168446') in 0.020203 seconds 
  Import took 0.026514 seconds .

========================================================================
Received Import Request.
  Time since last request: 0.000405 seconds.
  path: Assets/Sprites/soldiers-team-fortress-2-25274-1920x1080.jpg
  artifactKey: Guid(ada7b4c0f26fc334bae95f411b72c3c7) Importer(815301076,1909f56bfc062723c751e8b465ee728b)
Start importing Assets/Sprites/soldiers-team-fortress-2-25274-1920x1080.jpg using Guid(ada7b4c0f26fc334bae95f411b72c3c7) Importer(815301076,1909f56bfc062723c751e8b465ee728b)  -> (artifact id: '436db9b657b4e0f8d1b329821db31700') in 0.031825 seconds 
  Import took 0.036938 seconds .

========================================================================
Received Prepare
Registering precompiled user dll's ...
Registered in 0.004063 seconds.
Begin MonoManager ReloadAssembly
Native extension for WindowsStandalone target not found
Refreshing native plugins compatible for Editor in 0.70 ms, found 2 plugins.
Preloading 0 native plugins for Editor in 0.00 ms.
Mono: successfully reloaded assembly
- Completed reload, in  1.022 seconds
Domain Reload Profiling:
	ReloadAssembly (1022ms)
		BeginReloadAssembly (115ms)
			ExecutionOrderSort (0ms)
			DisableScriptedObjects (3ms)
			BackupInstance (0ms)
			ReleaseScriptingObjects (0ms)
			CreateAndSetChildDomain (36ms)
		EndReloadAssembly (837ms)
			LoadAssemblies (89ms)
			RebuildTransferFunctionScriptingTraits (0ms)
			SetupTypeCache (265ms)
			ReleaseScriptCaches (1ms)
			RebuildScriptCaches (48ms)
			SetupLoadedEditorAssemblies (303ms)
				LogAssemblyErrors (0ms)
				InitializePlatformSupportModulesInManaged (9ms)
				SetLoadedEditorAssemblies (1ms)
				RefreshPlugins (1ms)
				BeforeProcessingInitializeOnLoad (87ms)
				ProcessInitializeOnLoadAttributes (194ms)
				ProcessInitializeOnLoadMethodAttributes (4ms)
				AfterProcessingInitializeOnLoad (6ms)
				EditorAssembliesLoaded (0ms)
			ExecutionOrderSort2 (0ms)
			AwakeInstancesAfterBackupRestoration (7ms)
Platform modules already initialized, skipping
Refreshing native plugins compatible for Editor in 0.44 ms, found 2 plugins.
Preloading 0 native plugins for Editor in 0.00 ms.
Unloading 1600 Unused Serialized files (Serialized files now loaded: 0)
System memory in use before: 81.6 MB.
System memory in use after: 81.7 MB.

Unloading 11 unused Assets to reduce memory usage. Loaded Objects now: 2134.
Total: 3.315700 ms (FindLiveObjects: 0.234400 ms CreateObjectMapping: 0.056500 ms MarkObjects: 2.997100 ms  DeleteObjects: 0.026000 ms)

AssetImportParameters requested are different than current active one (requested -> active):
  custom:framework-win-MediaFoundation: 216162199b28c13a410421893ffa2e32 -> 
  custom:video-decoder-ogg-theora: a1e56fd34408186e4bbccfd4996cb3dc -> 
  custom:container-muxer-webm: aa71ff27fc2769a1b78a27578f13a17b -> 
  custom:container-demuxer-webm: 4f35f7cbe854078d1ac9338744f61a02 -> 
  custom:container-demuxer-ogg: 62fdf1f143b41e24485cea50d1cbac27 -> 
  custom:video-encoder-webm-vp8: eb34c28f22e8b96e1ab97ce403110664 -> 
  custom:video-decoder-webm-vp8: 9c59270c3fd7afecdb556c50c9e8de78 -> 
  custom:audio-decoder-ogg-vorbis: bf7c407c2cedff20999df2af8eb42d56 -> 
  custom:audio-encoder-webm-vorbis: bf7c407c2cedff20999df2af8eb42d56 -> 
========================================================================
Received Import Request.
  Time since last request: 68.438314 seconds.
  path: Assets/Sprites/1.png
  artifactKey: Guid(0bf315966b7362f46982d3b3bf191849) Importer(815301076,1909f56bfc062723c751e8b465ee728b)
Start importing Assets/Sprites/1.png using Guid(0bf315966b7362f46982d3b3bf191849) Importer(815301076,1909f56bfc062723c751e8b465ee728b)  -> (artifact id: 'f3ecd0f4b84acb57455e61ecacf31952') in 0.076821 seconds 
  Import took 0.081572 seconds .

========================================================================
Received Import Request.
  Time since last request: 0.000365 seconds.
  path: Assets/Sprites/2.png
  artifactKey: Guid(7aabbf9095b24e64eb1b389e6414a0dc) Importer(815301076,1909f56bfc062723c751e8b465ee728b)
Start importing Assets/Sprites/2.png using Guid(7aabbf9095b24e64eb1b389e6414a0dc) Importer(815301076,1909f56bfc062723c751e8b465ee728b)  -> (artifact id: '7f966dee15eee83110a593db2f9ffecf') in 0.026871 seconds 
  Import took 0.033104 seconds .

========================================================================
Received Import Request.
  Time since last request: 0.000325 seconds.
  path: Assets/Sprites/6.png
  artifactKey: Guid(ab58c447157dbbd47aea7cfc5657f321) Importer(815301076,1909f56bfc062723c751e8b465ee728b)
Start importing Assets/Sprites/6.png using Guid(ab58c447157dbbd47aea7cfc5657f321) Importer(815301076,1909f56bfc062723c751e8b465ee728b)  -> (artifact id: 'b086a5b8405965ba95d6a70361fb9fdb') in 0.029565 seconds 
  Import took 0.034104 seconds .

========================================================================
Received Import Request.
  Time since last request: 0.000860 seconds.
  path: Assets/Sprites/5.png
  artifactKey: Guid(538c7db1239a0ed4e95c399fedfde388) Importer(815301076,1909f56bfc062723c751e8b465ee728b)
Start importing Assets/Sprites/5.png using Guid(538c7db1239a0ed4e95c399fedfde388) Importer(815301076,1909f56bfc062723c751e8b465ee728b)  -> (artifact id: '304c1b8aaa9a9d77b4a4528b4d54daf9') in 0.034763 seconds 
  Import took 0.041724 seconds .

========================================================================
Received Import Request.
  Time since last request: 0.000328 seconds.
  path: Assets/Sprites/1.png
  artifactKey: Guid(0bf315966b7362f46982d3b3bf191849) Importer(815301076,1909f56bfc062723c751e8b465ee728b)
Start importing Assets/Sprites/1.png using Guid(0bf315966b7362f46982d3b3bf191849) Importer(815301076,1909f56bfc062723c751e8b465ee728b)  -> (artifact id: 'f3ecd0f4b84acb57455e61ecacf31952') in 0.038254 seconds 
  Import took 0.044765 seconds .

========================================================================
Received Import Request.
  Time since last request: 0.000256 seconds.
  path: Assets/Sprites/3.png
  artifactKey: Guid(4a3044499d81d994abf1e30adddfdd36) Importer(815301076,1909f56bfc062723c751e8b465ee728b)
Start importing Assets/Sprites/3.png using Guid(4a3044499d81d994abf1e30adddfdd36) Importer(815301076,1909f56bfc062723c751e8b465ee728b)  -> (artifact id: 'a8da9b6b1aa6180a8db857b013bad442') in 0.037635 seconds 
  Import took 0.043219 seconds .

========================================================================
Received Import Request.
  Time since last request: 0.000340 seconds.
  path: Assets/Sprites/4.png
  artifactKey: Guid(143c7a4e9e5379549ae5c4e4e6121cd1) Importer(815301076,1909f56bfc062723c751e8b465ee728b)
Start importing Assets/Sprites/4.png using Guid(143c7a4e9e5379549ae5c4e4e6121cd1) Importer(815301076,1909f56bfc062723c751e8b465ee728b)  -> (artifact id: '01ad8dc179b84de1022df733676abb06') in 0.026445 seconds 
  Import took 0.032966 seconds .

========================================================================
Received Prepare
Registering precompiled user dll's ...
Registered in 0.003514 seconds.
Begin MonoManager ReloadAssembly
Native extension for WindowsStandalone target not found
Refreshing native plugins compatible for Editor in 0.95 ms, found 2 plugins.
Preloading 0 native plugins for Editor in 0.00 ms.
Mono: successfully reloaded assembly
- Completed reload, in  1.391 seconds
Domain Reload Profiling:
	ReloadAssembly (1391ms)
		BeginReloadAssembly (135ms)
			ExecutionOrderSort (0ms)
			DisableScriptedObjects (4ms)
			BackupInstance (0ms)
			ReleaseScriptingObjects (0ms)
			CreateAndSetChildDomain (45ms)
		EndReloadAssembly (1174ms)
			LoadAssemblies (113ms)
			RebuildTransferFunctionScriptingTraits (0ms)
			SetupTypeCache (426ms)
			ReleaseScriptCaches (1ms)
			RebuildScriptCaches (67ms)
			SetupLoadedEditorAssemblies (430ms)
				LogAssemblyErrors (0ms)
				InitializePlatformSupportModulesInManaged (8ms)
				SetLoadedEditorAssemblies (1ms)
				RefreshPlugins (1ms)
				BeforeProcessingInitializeOnLoad (128ms)
				ProcessInitializeOnLoadAttributes (276ms)
				ProcessInitializeOnLoadMethodAttributes (6ms)
				AfterProcessingInitializeOnLoad (10ms)
				EditorAssembliesLoaded (0ms)
			ExecutionOrderSort2 (0ms)
			AwakeInstancesAfterBackupRestoration (9ms)
Platform modules already initialized, skipping
Refreshing native plugins compatible for Editor in 0.91 ms, found 2 plugins.
Preloading 0 native plugins for Editor in 0.00 ms.
Unloading 1600 Unused Serialized files (Serialized files now loaded: 0)
System memory in use before: 81.7 MB.
System memory in use after: 81.8 MB.

Unloading 11 unused Assets to reduce memory usage. Loaded Objects now: 2137.
Total: 3.343500 ms (FindLiveObjects: 0.292800 ms CreateObjectMapping: 0.109800 ms MarkObjects: 2.904800 ms  DeleteObjects: 0.034200 ms)

AssetImportParameters requested are different than current active one (requested -> active):
  custom:framework-win-MediaFoundation: 216162199b28c13a410421893ffa2e32 -> 
  custom:video-decoder-ogg-theora: a1e56fd34408186e4bbccfd4996cb3dc -> 
  custom:container-muxer-webm: aa71ff27fc2769a1b78a27578f13a17b -> 
  custom:container-demuxer-webm: 4f35f7cbe854078d1ac9338744f61a02 -> 
  custom:container-demuxer-ogg: 62fdf1f143b41e24485cea50d1cbac27 -> 
  custom:video-encoder-webm-vp8: eb34c28f22e8b96e1ab97ce403110664 -> 
  custom:video-decoder-webm-vp8: 9c59270c3fd7afecdb556c50c9e8de78 -> 
  custom:audio-decoder-ogg-vorbis: bf7c407c2cedff20999df2af8eb42d56 -> 
  custom:audio-encoder-webm-vorbis: bf7c407c2cedff20999df2af8eb42d56 -> 
========================================================================
Received Import Request.
  Time since last request: 307.781713 seconds.
  path: Assets/Scenes/Winter/Winter2.unity
  artifactKey: Guid(2b421e9087dd85d488ff69fb2dd0c7eb) Importer(815301076,1909f56bfc062723c751e8b465ee728b)
Start importing Assets/Scenes/Winter/Winter2.unity using Guid(2b421e9087dd85d488ff69fb2dd0c7eb) Importer(815301076,1909f56bfc062723c751e8b465ee728b)  -> (artifact id: '4c0ab80a32b624fc53a6c5110d484510') in 0.029255 seconds 
  Import took 0.032423 seconds .

========================================================================
Received Import Request.
  Time since last request: 196.127759 seconds.
  path: Assets/Scenes/MainMenu.unity
  artifactKey: Guid(d2b57e92367f6d047b4efc6e157de198) Importer(815301076,1909f56bfc062723c751e8b465ee728b)
Start importing Assets/Scenes/MainMenu.unity using Guid(d2b57e92367f6d047b4efc6e157de198) Importer(815301076,1909f56bfc062723c751e8b465ee728b)  -> (artifact id: '17c8bde9fe7442eca43bc19048fbcd85') in 0.007827 seconds 
  Import took 0.011553 seconds .

========================================================================
Received Import Request.
  Time since last request: 168.922204 seconds.
  path: Assets/Scenes/Winter/Winter2.unity
  artifactKey: Guid(2b421e9087dd85d488ff69fb2dd0c7eb) Importer(815301076,1909f56bfc062723c751e8b465ee728b)
Start importing Assets/Scenes/Winter/Winter2.unity using Guid(2b421e9087dd85d488ff69fb2dd0c7eb) Importer(815301076,1909f56bfc062723c751e8b465ee728b)  -> (artifact id: '92f1b95e46165618adf434e450318fa7') in 0.003817 seconds 
  Import took 0.007968 seconds .

========================================================================
Received Prepare
Registering precompiled user dll's ...
Registered in 0.003856 seconds.
Begin MonoManager ReloadAssembly
Native extension for WindowsStandalone target not found
Refreshing native plugins compatible for Editor in 0.83 ms, found 2 plugins.
Preloading 0 native plugins for Editor in 0.00 ms.
Mono: successfully reloaded assembly
- Completed reload, in  1.177 seconds
Domain Reload Profiling:
	ReloadAssembly (1177ms)
		BeginReloadAssembly (123ms)
			ExecutionOrderSort (0ms)
			DisableScriptedObjects (4ms)
			BackupInstance (0ms)
			ReleaseScriptingObjects (0ms)
			CreateAndSetChildDomain (42ms)
		EndReloadAssembly (958ms)
			LoadAssemblies (115ms)
			RebuildTransferFunctionScriptingTraits (0ms)
			SetupTypeCache (319ms)
			ReleaseScriptCaches (1ms)
			RebuildScriptCaches (57ms)
			SetupLoadedEditorAssemblies (345ms)
				LogAssemblyErrors (0ms)
				InitializePlatformSupportModulesInManaged (9ms)
				SetLoadedEditorAssemblies (1ms)
				RefreshPlugins (1ms)
				BeforeProcessingInitializeOnLoad (109ms)
				ProcessInitializeOnLoadAttributes (210ms)
				ProcessInitializeOnLoadMethodAttributes (4ms)
				AfterProcessingInitializeOnLoad (10ms)
				EditorAssembliesLoaded (0ms)
			ExecutionOrderSort2 (0ms)
			AwakeInstancesAfterBackupRestoration (7ms)
Platform modules already initialized, skipping
Refreshing native plugins compatible for Editor in 0.50 ms, found 2 plugins.
Preloading 0 native plugins for Editor in 0.00 ms.
Unloading 1600 Unused Serialized files (Serialized files now loaded: 0)
System memory in use before: 81.7 MB.
System memory in use after: 81.8 MB.

Unloading 11 unused Assets to reduce memory usage. Loaded Objects now: 2139.
Total: 3.178000 ms (FindLiveObjects: 0.179300 ms CreateObjectMapping: 0.059900 ms MarkObjects: 2.917900 ms  DeleteObjects: 0.019600 ms)

AssetImportParameters requested are different than current active one (requested -> active):
  custom:framework-win-MediaFoundation: 216162199b28c13a410421893ffa2e32 -> 
  custom:video-decoder-ogg-theora: a1e56fd34408186e4bbccfd4996cb3dc -> 
  custom:container-muxer-webm: aa71ff27fc2769a1b78a27578f13a17b -> 
  custom:container-demuxer-webm: 4f35f7cbe854078d1ac9338744f61a02 -> 
  custom:container-demuxer-ogg: 62fdf1f143b41e24485cea50d1cbac27 -> 
  custom:video-encoder-webm-vp8: eb34c28f22e8b96e1ab97ce403110664 -> 
  custom:video-decoder-webm-vp8: 9c59270c3fd7afecdb556c50c9e8de78 -> 
  custom:audio-decoder-ogg-vorbis: bf7c407c2cedff20999df2af8eb42d56 -> 
  custom:audio-encoder-webm-vorbis: bf7c407c2cedff20999df2af8eb42d56 -> 
========================================================================
Received Prepare
Registering precompiled user dll's ...
Registered in 0.003376 seconds.
Begin MonoManager ReloadAssembly
Native extension for WindowsStandalone target not found
Refreshing native plugins compatible for Editor in 0.50 ms, found 2 plugins.
Preloading 0 native plugins for Editor in 0.00 ms.
Mono: successfully reloaded assembly
- Completed reload, in  1.060 seconds
Domain Reload Profiling:
	ReloadAssembly (1060ms)
		BeginReloadAssembly (107ms)
			ExecutionOrderSort (0ms)
			DisableScriptedObjects (4ms)
			BackupInstance (0ms)
			ReleaseScriptingObjects (0ms)
			CreateAndSetChildDomain (34ms)
		EndReloadAssembly (890ms)
			LoadAssemblies (86ms)
			RebuildTransferFunctionScriptingTraits (0ms)
			SetupTypeCache (289ms)
			ReleaseScriptCaches (1ms)
			RebuildScriptCaches (61ms)
			SetupLoadedEditorAssemblies (312ms)
				LogAssemblyErrors (0ms)
				InitializePlatformSupportModulesInManaged (5ms)
				SetLoadedEditorAssemblies (0ms)
				RefreshPlugins (1ms)
				BeforeProcessingInitializeOnLoad (96ms)
				ProcessInitializeOnLoadAttributes (197ms)
				ProcessInitializeOnLoadMethodAttributes (5ms)
				AfterProcessingInitializeOnLoad (6ms)
				EditorAssembliesLoaded (0ms)
			ExecutionOrderSort2 (0ms)
			AwakeInstancesAfterBackupRestoration (7ms)
Platform modules already initialized, skipping
Refreshing native plugins compatible for Editor in 0.42 ms, found 2 plugins.
Preloading 0 native plugins for Editor in 0.00 ms.
Unloading 1600 Unused Serialized files (Serialized files now loaded: 0)
System memory in use before: 81.7 MB.
System memory in use after: 81.8 MB.

Unloading 11 unused Assets to reduce memory usage. Loaded Objects now: 2141.
Total: 2.702600 ms (FindLiveObjects: 0.145200 ms CreateObjectMapping: 0.043800 ms MarkObjects: 2.497500 ms  DeleteObjects: 0.015200 ms)

AssetImportParameters requested are different than current active one (requested -> active):
  custom:framework-win-MediaFoundation: 216162199b28c13a410421893ffa2e32 -> 
  custom:video-decoder-ogg-theora: a1e56fd34408186e4bbccfd4996cb3dc -> 
  custom:container-muxer-webm: aa71ff27fc2769a1b78a27578f13a17b -> 
  custom:container-demuxer-webm: 4f35f7cbe854078d1ac9338744f61a02 -> 
  custom:container-demuxer-ogg: 62fdf1f143b41e24485cea50d1cbac27 -> 
  custom:video-encoder-webm-vp8: eb34c28f22e8b96e1ab97ce403110664 -> 
  custom:video-decoder-webm-vp8: 9c59270c3fd7afecdb556c50c9e8de78 -> 
  custom:audio-decoder-ogg-vorbis: bf7c407c2cedff20999df2af8eb42d56 -> 
  custom:audio-encoder-webm-vorbis: bf7c407c2cedff20999df2af8eb42d56 -> 
========================================================================
Received Import Request.
  Time since last request: 669.191310 seconds.
  path: Assets/Scenes/Desert/Desert1.unity
  artifactKey: Guid(91a52af22a00c0f4aa3e2997110045dc) Importer(815301076,1909f56bfc062723c751e8b465ee728b)
Start importing Assets/Scenes/Desert/Desert1.unity using Guid(91a52af22a00c0f4aa3e2997110045dc) Importer(815301076,1909f56bfc062723c751e8b465ee728b)  -> (artifact id: '7e706027c7ceb7426ccb69b8701a687a') in 0.039052 seconds 
  Import took 0.042131 seconds .

========================================================================
Received Import Request.
  Time since last request: 17.076150 seconds.
  path: Assets/Scenes/Dungeon/Dungeon1.unity
  artifactKey: Guid(65c98080457eecc4cac345384a44a1fa) Importer(815301076,1909f56bfc062723c751e8b465ee728b)
Start importing Assets/Scenes/Dungeon/Dungeon1.unity using Guid(65c98080457eecc4cac345384a44a1fa) Importer(815301076,1909f56bfc062723c751e8b465ee728b)  -> (artifact id: '4dacf5a9875b49ad3b70b0726b15473c') in 0.014029 seconds 
  Import took 0.017361 seconds .

========================================================================
Received Import Request.
  Time since last request: 15.420448 seconds.
  path: Assets/Scenes/Winter/Winter1.unity
  artifactKey: Guid(f6537ccdade852546884c8e10e94a33a) Importer(815301076,1909f56bfc062723c751e8b465ee728b)
Start importing Assets/Scenes/Winter/Winter1.unity using Guid(f6537ccdade852546884c8e10e94a33a) Importer(815301076,1909f56bfc062723c751e8b465ee728b)  -> (artifact id: '11a03d137d1113ee34b835c41a06b9bc') in 0.008807 seconds 
  Import took 0.012551 seconds .

========================================================================
Received Import Request.
  Time since last request: 19.086145 seconds.
  path: Assets/Scenes/Dungeon/Dungeon2.unity
  artifactKey: Guid(08f721ed16989cb46ab4514ecb474fb0) Importer(815301076,1909f56bfc062723c751e8b465ee728b)
Start importing Assets/Scenes/Dungeon/Dungeon2.unity using Guid(08f721ed16989cb46ab4514ecb474fb0) Importer(815301076,1909f56bfc062723c751e8b465ee728b)  -> (artifact id: 'c7a8ab3662c8ce0220bfadd3afe4b70c') in 0.009736 seconds 
  Import took 0.013546 seconds .

========================================================================
Received Prepare
Registering precompiled user dll's ...
Registered in 0.003199 seconds.
Begin MonoManager ReloadAssembly
Native extension for WindowsStandalone target not found
Refreshing native plugins compatible for Editor in 0.61 ms, found 2 plugins.
Preloading 0 native plugins for Editor in 0.00 ms.
Mono: successfully reloaded assembly
- Completed reload, in  1.201 seconds
Domain Reload Profiling:
	ReloadAssembly (1202ms)
		BeginReloadAssembly (125ms)
			ExecutionOrderSort (0ms)
			DisableScriptedObjects (5ms)
			BackupInstance (0ms)
			ReleaseScriptingObjects (0ms)
			CreateAndSetChildDomain (40ms)
		EndReloadAssembly (1008ms)
			LoadAssemblies (97ms)
			RebuildTransferFunctionScriptingTraits (0ms)
			SetupTypeCache (369ms)
			ReleaseScriptCaches (1ms)
			RebuildScriptCaches (74ms)
			SetupLoadedEditorAssemblies (340ms)
				LogAssemblyErrors (0ms)
				InitializePlatformSupportModulesInManaged (7ms)
				SetLoadedEditorAssemblies (1ms)
				RefreshPlugins (1ms)
				BeforeProcessingInitializeOnLoad (112ms)
				ProcessInitializeOnLoadAttributes (209ms)
				ProcessInitializeOnLoadMethodAttributes (5ms)
				AfterProcessingInitializeOnLoad (6ms)
				EditorAssembliesLoaded (0ms)
			ExecutionOrderSort2 (0ms)
			AwakeInstancesAfterBackupRestoration (6ms)
Platform modules already initialized, skipping
Refreshing native plugins compatible for Editor in 0.72 ms, found 2 plugins.
Preloading 0 native plugins for Editor in 0.00 ms.
Unloading 1600 Unused Serialized files (Serialized files now loaded: 0)
System memory in use before: 81.8 MB.
System memory in use after: 81.9 MB.

Unloading 11 unused Assets to reduce memory usage. Loaded Objects now: 2143.
Total: 5.137600 ms (FindLiveObjects: 0.237900 ms CreateObjectMapping: 0.066600 ms MarkObjects: 4.786600 ms  DeleteObjects: 0.044600 ms)

AssetImportParameters requested are different than current active one (requested -> active):
  custom:framework-win-MediaFoundation: 216162199b28c13a410421893ffa2e32 -> 
  custom:video-decoder-ogg-theora: a1e56fd34408186e4bbccfd4996cb3dc -> 
  custom:container-muxer-webm: aa71ff27fc2769a1b78a27578f13a17b -> 
  custom:container-demuxer-webm: 4f35f7cbe854078d1ac9338744f61a02 -> 
  custom:container-demuxer-ogg: 62fdf1f143b41e24485cea50d1cbac27 -> 
  custom:video-encoder-webm-vp8: eb34c28f22e8b96e1ab97ce403110664 -> 
  custom:video-decoder-webm-vp8: 9c59270c3fd7afecdb556c50c9e8de78 -> 
  custom:audio-decoder-ogg-vorbis: bf7c407c2cedff20999df2af8eb42d56 -> 
  custom:audio-encoder-webm-vorbis: bf7c407c2cedff20999df2af8eb42d56 -> 
========================================================================
Received Import Request.
  Time since last request: 641.590056 seconds.
  path: Assets/Scenes/Winter/Winter2.unity
  artifactKey: Guid(2b421e9087dd85d488ff69fb2dd0c7eb) Importer(815301076,1909f56bfc062723c751e8b465ee728b)
Start importing Assets/Scenes/Winter/Winter2.unity using Guid(2b421e9087dd85d488ff69fb2dd0c7eb) Importer(815301076,1909f56bfc062723c751e8b465ee728b)  -> (artifact id: 'c83debef32c75d36b34eedc0387971f6') in 0.026182 seconds 
  Import took 0.031259 seconds .

AssetImportWorkerClient::OnTransportError - code=2 error=End of file
